2026-01-16 15:42:58
Token: eyJ0eXAiOiJKV1QiLCJhbGciOiJIUzI1NiJ9.eyJpc3MiOiJjYW9waWFvIiwiaWF0IjoxNzY4NTQ1MTU3LCJleHAiOjE3NjkxNDk5NTcsImRhdGEiOnsiaWQiOjM0NCwidXNlcm5hbWUiOiJxcTAwMSJ9fQ==.2bdd086bd7fda0e94bce4c7f2fd93fe3a4eaaab8acfb1d134c726d4dbf026a1c
userId from request: null
userId from controller: 344

2026-01-16 15:43:10
Token: eyJ0eXAiOiJKV1QiLCJhbGciOiJIUzI1NiJ9.eyJpc3MiOiJjYW9waWFvIiwiaWF0IjoxNzY4NTQ1MTU3LCJleHAiOjE3NjkxNDk5NTcsImRhdGEiOnsiaWQiOjM0NCwidXNlcm5hbWUiOiJxcTAwMSJ9fQ==.2bdd086bd7fda0e94bce4c7f2fd93fe3a4eaaab8acfb1d134c726d4dbf026a1c
userId from request: null
userId from controller: 344

2026-01-16 15:51:15
Token: eyJ0eXAiOiJKV1QiLCJhbGciOiJIUzI1NiJ9.eyJpc3MiOiJjYW9waWFvIiwiaWF0IjoxNzY4NTQ5NjYyLCJleHAiOjE3NjkxNTQ0NjIsImRhdGEiOnsiaWQiOjMzMDYsInVzZXJuYW1lIjoiOTgxMTkifX0=.3d91fdf024826df5dc36b4819bf2f2ce255d5aea4f75b8323c4c0f1dc0c79cf3
userId from request: null
userId from controller: 3306

2026-01-16 15:52:00
Token: eyJ0eXAiOiJKV1QiLCJhbGciOiJIUzI1NiJ9.eyJpc3MiOiJjYW9waWFvIiwiaWF0IjoxNzY4NTQ5NjYyLCJleHAiOjE3NjkxNTQ0NjIsImRhdGEiOnsiaWQiOjMzMDYsInVzZXJuYW1lIjoiOTgxMTkifX0=.3d91fdf024826df5dc36b4819bf2f2ce255d5aea4f75b8323c4c0f1dc0c79cf3
userId from request: null
userId from controller: 3306

2026-01-16 15:52:07
Token: eyJ0eXAiOiJKV1QiLCJhbGciOiJIUzI1NiJ9.eyJpc3MiOiJjYW9waWFvIiwiaWF0IjoxNzY4NTQ5NjYyLCJleHAiOjE3NjkxNTQ0NjIsImRhdGEiOnsiaWQiOjMzMDYsInVzZXJuYW1lIjoiOTgxMTkifX0=.3d91fdf024826df5dc36b4819bf2f2ce255d5aea4f75b8323c4c0f1dc0c79cf3
userId from request: null
userId from controller: 3306

2026-01-16 15:52:59
Token: eyJ0eXAiOiJKV1QiLCJhbGciOiJIUzI1NiJ9.eyJpc3MiOiJjYW9waWFvIiwiaWF0IjoxNzY4NTQ5NjYyLCJleHAiOjE3NjkxNTQ0NjIsImRhdGEiOnsiaWQiOjMzMDYsInVzZXJuYW1lIjoiOTgxMTkifX0=.3d91fdf024826df5dc36b4819bf2f2ce255d5aea4f75b8323c4c0f1dc0c79cf3
userId from request: null
userId from controller: 3306

2026-01-16 15:55:13
Token: eyJ0eXAiOiJKV1QiLCJhbGciOiJIUzI1NiJ9.eyJpc3MiOiJjYW9waWFvIiwiaWF0IjoxNzY4NTQ5NjYyLCJleHAiOjE3NjkxNTQ0NjIsImRhdGEiOnsiaWQiOjMzMDYsInVzZXJuYW1lIjoiOTgxMTkifX0=.3d91fdf024826df5dc36b4819bf2f2ce255d5aea4f75b8323c4c0f1dc0c79cf3
userId from request: null
userId from controller: 3306

2026-01-16 15:56:04
Token: eyJ0eXAiOiJKV1QiLCJhbGciOiJIUzI1NiJ9.eyJpc3MiOiJjYW9waWFvIiwiaWF0IjoxNzY4NTQ5NjYyLCJleHAiOjE3NjkxNTQ0NjIsImRhdGEiOnsiaWQiOjMzMDYsInVzZXJuYW1lIjoiOTgxMTkifX0=.3d91fdf024826df5dc36b4819bf2f2ce255d5aea4f75b8323c4c0f1dc0c79cf3
userId from request: null
userId from controller: 3306

2026-01-16 16:03:44
Token: eyJ0eXAiOiJKV1QiLCJhbGciOiJIUzI1NiJ9.eyJpc3MiOiJjYW9waWFvIiwiaWF0IjoxNzY4NTQ5NjYyLCJleHAiOjE3NjkxNTQ0NjIsImRhdGEiOnsiaWQiOjMzMDYsInVzZXJuYW1lIjoiOTgxMTkifX0=.3d91fdf024826df5dc36b4819bf2f2ce255d5aea4f75b8323c4c0f1dc0c79cf3
userId from request: null
userId from controller: 3306

2026-01-16 16:07:57
Token: eyJ0eXAiOiJKV1QiLCJhbGciOiJIUzI1NiJ9.eyJpc3MiOiJjYW9waWFvIiwiaWF0IjoxNzY4NTQ5NjYyLCJleHAiOjE3NjkxNTQ0NjIsImRhdGEiOnsiaWQiOjMzMDYsInVzZXJuYW1lIjoiOTgxMTkifX0=.3d91fdf024826df5dc36b4819bf2f2ce255d5aea4f75b8323c4c0f1dc0c79cf3
userId from request: null
userId from controller: 3306

2026-01-16 16:16:21
Token: eyJ0eXAiOiJKV1QiLCJhbGciOiJIUzI1NiJ9.eyJpc3MiOiJjYW9waWFvIiwiaWF0IjoxNzY4NTQ5NjYyLCJleHAiOjE3NjkxNTQ0NjIsImRhdGEiOnsiaWQiOjMzMDYsInVzZXJuYW1lIjoiOTgxMTkifX0=.3d91fdf024826df5dc36b4819bf2f2ce255d5aea4f75b8323c4c0f1dc0c79cf3
userId from request: null
userId from controller: 3306

2026-01-16 16:16:27
Token: eyJ0eXAiOiJKV1QiLCJhbGciOiJIUzI1NiJ9.eyJpc3MiOiJjYW9waWFvIiwiaWF0IjoxNzY4NTQ5NjYyLCJleHAiOjE3NjkxNTQ0NjIsImRhdGEiOnsiaWQiOjMzMDYsInVzZXJuYW1lIjoiOTgxMTkifX0=.3d91fdf024826df5dc36b4819bf2f2ce255d5aea4f75b8323c4c0f1dc0c79cf3
userId from request: null
userId from controller: 3306

